2025-12-12 17:01:45,926 INFO 配置和日志系统加载完成。
2025-12-12 17:01:51,901 INFO 配置和日志系统加载完成。
2025-12-12 17:01:52,413 INFO 使用账户: 0x9CAEE92287CAD179541bc7C44874b485b9AaC88b
2025-12-12 17:01:53,135 INFO 当前余额: 8.538893740095438159 RLUSD
2025-12-12 17:01:53,136 INFO 跨链代币数量: 0.1 RLUSD
2025-12-12 17:26:18,985 INFO 配置和日志系统加载完成。
2025-12-12 17:26:19,608 INFO 使用账户: 0x9CAEE92287CAD179541bc7C44874b485b9AaC88b
2025-12-12 17:26:20,700 INFO 当前余额: 8.538893740095438159 RLUSD
2025-12-12 17:26:20,700 INFO 跨链代币数量: 0.1 RLUSD
2025-12-12 17:26:23,042 INFO 使用EIP-1559参数构建交易: maxFeePerGas=1184921641, maxPriorityFeePerGas=1000000
2025-12-12 17:26:23,282 INFO 跨链交易已发送: 2d94ac0dd35739bce7b03f2bb6afacf6accb7b18641d9c1c8f501b9a3d363371
2025-12-12 17:26:37,074 INFO 跨链交易已上链
2025-12-12 17:26:37,074 INFO 开始轮询 WormholeScan 获取 VAA...
2025-12-12 17:26:38,658 INFO vaa还未签名，继续轮询获取中...
2025-12-12 17:26:38,854 ERROR 轮询VAA时发生异常（网络/解析等问题）: HTTPSConnectionPool(host='api.testnet.wormholescan.io', port=443): Max retries exceeded with url: /api/v1/vaas/?page=0&pageSize=5&sortOrder=ASC&txHash=2d94ac0dd35739bce7b03f2bb6afacf6accb7b18641d9c1c8f501b9a3d363371&parsedPayload=true (Caused by SSLError(SSLEOFError(8, '[SSL: UNEXPECTED_EOF_WHILE_READING] EOF occurred in violation of protocol (_ssl.c:1000)')))
2025-12-12 17:26:38,949 ERROR 轮询VAA时发生异常（网络/解析等问题）: HTTPSConnectionPool(host='api.testnet.wormholescan.io', port=443): Max retries exceeded with url: /api/v1/vaas/?page=0&pageSize=5&sortOrder=ASC&txHash=2d94ac0dd35739bce7b03f2bb6afacf6accb7b18641d9c1c8f501b9a3d363371&parsedPayload=true (Caused by SSLError(SSLEOFError(8, '[SSL: UNEXPECTED_EOF_WHILE_READING] EOF occurred in violation of protocol (_ssl.c:1000)')))
2025-12-12 17:26:39,050 ERROR 轮询VAA时发生异常（网络/解析等问题）: HTTPSConnectionPool(host='api.testnet.wormholescan.io', port=443): Max retries exceeded with url: /api/v1/vaas/?page=0&pageSize=5&sortOrder=ASC&txHash=2d94ac0dd35739bce7b03f2bb6afacf6accb7b18641d9c1c8f501b9a3d363371&parsedPayload=true (Caused by SSLError(SSLEOFError(8, '[SSL: UNEXPECTED_EOF_WHILE_READING] EOF occurred in violation of protocol (_ssl.c:1000)')))
2025-12-12 17:26:39,149 ERROR 轮询VAA时发生异常（网络/解析等问题）: HTTPSConnectionPool(host='api.testnet.wormholescan.io', port=443): Max retries exceeded with url: /api/v1/vaas/?page=0&pageSize=5&sortOrder=ASC&txHash=2d94ac0dd35739bce7b03f2bb6afacf6accb7b18641d9c1c8f501b9a3d363371&parsedPayload=true (Caused by SSLError(SSLEOFError(8, '[SSL: UNEXPECTED_EOF_WHILE_READING] EOF occurred in violation of protocol (_ssl.c:1000)')))
2025-12-12 17:26:40,062 INFO vaa还未签名，继续轮询获取中...
2025-12-12 17:26:40,248 ERROR 轮询VAA时发生异常（网络/解析等问题）: HTTPSConnectionPool(host='api.testnet.wormholescan.io', port=443): Max retries exceeded with url: /api/v1/vaas/?page=0&pageSize=5&sortOrder=ASC&txHash=2d94ac0dd35739bce7b03f2bb6afacf6accb7b18641d9c1c8f501b9a3d363371&parsedPayload=true (Caused by SSLError(SSLEOFError(8, '[SSL: UNEXPECTED_EOF_WHILE_READING] EOF occurred in violation of protocol (_ssl.c:1000)')))
2025-12-12 17:26:40,342 ERROR 轮询VAA时发生异常（网络/解析等问题）: HTTPSConnectionPool(host='api.testnet.wormholescan.io', port=443): Max retries exceeded with url: /api/v1/vaas/?page=0&pageSize=5&sortOrder=ASC&txHash=2d94ac0dd35739bce7b03f2bb6afacf6accb7b18641d9c1c8f501b9a3d363371&parsedPayload=true (Caused by SSLError(SSLEOFError(8, '[SSL: UNEXPECTED_EOF_WHILE_READING] EOF occurred in violation of protocol (_ssl.c:1000)')))
2025-12-12 17:26:40,438 ERROR 轮询VAA时发生异常（网络/解析等问题）: HTTPSConnectionPool(host='api.testnet.wormholescan.io', port=443): Max retries exceeded with url: /api/v1/vaas/?page=0&pageSize=5&sortOrder=ASC&txHash=2d94ac0dd35739bce7b03f2bb6afacf6accb7b18641d9c1c8f501b9a3d363371&parsedPayload=true (Caused by SSLError(SSLEOFError(8, '[SSL: UNEXPECTED_EOF_WHILE_READING] EOF occurred in violation of protocol (_ssl.c:1000)')))
2025-12-12 17:26:40,523 ERROR 轮询VAA时发生异常（网络/解析等问题）: HTTPSConnectionPool(host='api.testnet.wormholescan.io', port=443): Max retries exceeded with url: /api/v1/vaas/?page=0&pageSize=5&sortOrder=ASC&txHash=2d94ac0dd35739bce7b03f2bb6afacf6accb7b18641d9c1c8f501b9a3d363371&parsedPayload=true (Caused by SSLError(SSLEOFError(8, '[SSL: UNEXPECTED_EOF_WHILE_READING] EOF occurred in violation of protocol (_ssl.c:1000)')))
2025-12-12 17:26:40,642 ERROR 轮询VAA时发生异常（网络/解析等问题）: HTTPSConnectionPool(host='api.testnet.wormholescan.io', port=443): Max retries exceeded with url: /api/v1/vaas/?page=0&pageSize=5&sortOrder=ASC&txHash=2d94ac0dd35739bce7b03f2bb6afacf6accb7b18641d9c1c8f501b9a3d363371&parsedPayload=true (Caused by SSLError(SSLEOFError(8, '[SSL: UNEXPECTED_EOF_WHILE_READING] EOF occurred in violation of protocol (_ssl.c:1000)')))
2025-12-12 17:26:40,750 ERROR 轮询VAA时发生异常（网络/解析等问题）: HTTPSConnectionPool(host='api.testnet.wormholescan.io', port=443): Max retries exceeded with url: /api/v1/vaas/?page=0&pageSize=5&sortOrder=ASC&txHash=2d94ac0dd35739bce7b03f2bb6afacf6accb7b18641d9c1c8f501b9a3d363371&parsedPayload=true (Caused by SSLError(SSLEOFError(8, '[SSL: UNEXPECTED_EOF_WHILE_READING] EOF occurred in violation of protocol (_ssl.c:1000)')))
2025-12-12 17:26:40,853 ERROR 轮询VAA时发生异常（网络/解析等问题）: HTTPSConnectionPool(host='api.testnet.wormholescan.io', port=443): Max retries exceeded with url: /api/v1/vaas/?page=0&pageSize=5&sortOrder=ASC&txHash=2d94ac0dd35739bce7b03f2bb6afacf6accb7b18641d9c1c8f501b9a3d363371&parsedPayload=true (Caused by SSLError(SSLEOFError(8, '[SSL: UNEXPECTED_EOF_WHILE_READING] EOF occurred in violation of protocol (_ssl.c:1000)')))
2025-12-12 17:26:40,958 ERROR 轮询VAA时发生异常（网络/解析等问题）: HTTPSConnectionPool(host='api.testnet.wormholescan.io', port=443): Max retries exceeded with url: /api/v1/vaas/?page=0&pageSize=5&sortOrder=ASC&txHash=2d94ac0dd35739bce7b03f2bb6afacf6accb7b18641d9c1c8f501b9a3d363371&parsedPayload=true (Caused by SSLError(SSLEOFError(8, '[SSL: UNEXPECTED_EOF_WHILE_READING] EOF occurred in violation of protocol (_ssl.c:1000)')))
2025-12-12 17:26:41,032 ERROR 轮询VAA时发生异常（网络/解析等问题）: HTTPSConnectionPool(host='api.testnet.wormholescan.io', port=443): Max retries exceeded with url: /api/v1/vaas/?page=0&pageSize=5&sortOrder=ASC&txHash=2d94ac0dd35739bce7b03f2bb6afacf6accb7b18641d9c1c8f501b9a3d363371&parsedPayload=true (Caused by SSLError(SSLEOFError(8, '[SSL: UNEXPECTED_EOF_WHILE_READING] EOF occurred in violation of protocol (_ssl.c:1000)')))
2025-12-12 17:26:41,935 INFO vaa还未签名，继续轮询获取中...
2025-12-12 17:26:42,980 INFO vaa还未签名，继续轮询获取中...
2025-12-12 17:26:43,185 ERROR 轮询VAA时发生异常（网络/解析等问题）: HTTPSConnectionPool(host='api.testnet.wormholescan.io', port=443): Max retries exceeded with url: /api/v1/vaas/?page=0&pageSize=5&sortOrder=ASC&txHash=2d94ac0dd35739bce7b03f2bb6afacf6accb7b18641d9c1c8f501b9a3d363371&parsedPayload=true (Caused by SSLError(SSLEOFError(8, '[SSL: UNEXPECTED_EOF_WHILE_READING] EOF occurred in violation of protocol (_ssl.c:1000)')))
2025-12-12 17:26:44,138 INFO vaa还未签名，继续轮询获取中...
2025-12-12 17:26:44,343 ERROR 轮询VAA时发生异常（网络/解析等问题）: HTTPSConnectionPool(host='api.testnet.wormholescan.io', port=443): Max retries exceeded with url: /api/v1/vaas/?page=0&pageSize=5&sortOrder=ASC&txHash=2d94ac0dd35739bce7b03f2bb6afacf6accb7b18641d9c1c8f501b9a3d363371&parsedPayload=true (Caused by SSLError(SSLEOFError(8, '[SSL: UNEXPECTED_EOF_WHILE_READING] EOF occurred in violation of protocol (_ssl.c:1000)')))
2025-12-12 17:26:44,439 ERROR 轮询VAA时发生异常（网络/解析等问题）: HTTPSConnectionPool(host='api.testnet.wormholescan.io', port=443): Max retries exceeded with url: /api/v1/vaas/?page=0&pageSize=5&sortOrder=ASC&txHash=2d94ac0dd35739bce7b03f2bb6afacf6accb7b18641d9c1c8f501b9a3d363371&parsedPayload=true (Caused by SSLError(SSLEOFError(8, '[SSL: UNEXPECTED_EOF_WHILE_READING] EOF occurred in violation of protocol (_ssl.c:1000)')))
2025-12-12 17:26:44,769 ERROR 轮询VAA时发生异常（网络/解析等问题）: HTTPSConnectionPool(host='api.testnet.wormholescan.io', port=443): Max retries exceeded with url: /api/v1/vaas/?page=0&pageSize=5&sortOrder=ASC&txHash=2d94ac0dd35739bce7b03f2bb6afacf6accb7b18641d9c1c8f501b9a3d363371&parsedPayload=true (Caused by SSLError(SSLEOFError(8, '[SSL: UNEXPECTED_EOF_WHILE_READING] EOF occurred in violation of protocol (_ssl.c:1000)')))
2025-12-12 17:26:44,888 ERROR 轮询VAA时发生异常（网络/解析等问题）: HTTPSConnectionPool(host='api.testnet.wormholescan.io', port=443): Max retries exceeded with url: /api/v1/vaas/?page=0&pageSize=5&sortOrder=ASC&txHash=2d94ac0dd35739bce7b03f2bb6afacf6accb7b18641d9c1c8f501b9a3d363371&parsedPayload=true (Caused by SSLError(SSLEOFError(8, '[SSL: UNEXPECTED_EOF_WHILE_READING] EOF occurred in violation of protocol (_ssl.c:1000)')))
2025-12-12 17:26:44,981 ERROR 轮询VAA时发生异常（网络/解析等问题）: HTTPSConnectionPool(host='api.testnet.wormholescan.io', port=443): Max retries exceeded with url: /api/v1/vaas/?page=0&pageSize=5&sortOrder=ASC&txHash=2d94ac0dd35739bce7b03f2bb6afacf6accb7b18641d9c1c8f501b9a3d363371&parsedPayload=true (Caused by SSLError(SSLEOFError(8, '[SSL: UNEXPECTED_EOF_WHILE_READING] EOF occurred in violation of protocol (_ssl.c:1000)')))
2025-12-12 17:26:45,070 ERROR 轮询VAA时发生异常（网络/解析等问题）: HTTPSConnectionPool(host='api.testnet.wormholescan.io', port=443): Max retries exceeded with url: /api/v1/vaas/?page=0&pageSize=5&sortOrder=ASC&txHash=2d94ac0dd35739bce7b03f2bb6afacf6accb7b18641d9c1c8f501b9a3d363371&parsedPayload=true (Caused by SSLError(SSLEOFError(8, '[SSL: UNEXPECTED_EOF_WHILE_READING] EOF occurred in violation of protocol (_ssl.c:1000)')))
2025-12-12 17:26:45,180 ERROR 轮询VAA时发生异常（网络/解析等问题）: HTTPSConnectionPool(host='api.testnet.wormholescan.io', port=443): Max retries exceeded with url: /api/v1/vaas/?page=0&pageSize=5&sortOrder=ASC&txHash=2d94ac0dd35739bce7b03f2bb6afacf6accb7b18641d9c1c8f501b9a3d363371&parsedPayload=true (Caused by SSLError(SSLEOFError(8, '[SSL: UNEXPECTED_EOF_WHILE_READING] EOF occurred in violation of protocol (_ssl.c:1000)')))
2025-12-12 17:26:45,307 ERROR 轮询VAA时发生异常（网络/解析等问题）: HTTPSConnectionPool(host='api.testnet.wormholescan.io', port=443): Max retries exceeded with url: /api/v1/vaas/?page=0&pageSize=5&sortOrder=ASC&txHash=2d94ac0dd35739bce7b03f2bb6afacf6accb7b18641d9c1c8f501b9a3d363371&parsedPayload=true (Caused by SSLError(SSLEOFError(8, '[SSL: UNEXPECTED_EOF_WHILE_READING] EOF occurred in violation of protocol (_ssl.c:1000)')))
2025-12-12 17:26:46,199 INFO vaa还未签名，继续轮询获取中...
2025-12-12 17:26:47,222 INFO vaa还未签名，继续轮询获取中...
2025-12-12 17:26:48,226 INFO vaa还未签名，继续轮询获取中...
2025-12-12 17:26:48,423 ERROR 轮询VAA时发生异常（网络/解析等问题）: HTTPSConnectionPool(host='api.testnet.wormholescan.io', port=443): Max retries exceeded with url: /api/v1/vaas/?page=0&pageSize=5&sortOrder=ASC&txHash=2d94ac0dd35739bce7b03f2bb6afacf6accb7b18641d9c1c8f501b9a3d363371&parsedPayload=true (Caused by SSLError(SSLEOFError(8, '[SSL: UNEXPECTED_EOF_WHILE_READING] EOF occurred in violation of protocol (_ssl.c:1000)')))
2025-12-12 17:26:49,368 INFO vaa还未签名，继续轮询获取中...
2025-12-12 17:26:50,376 INFO vaa还未签名，继续轮询获取中...
2025-12-12 17:26:50,562 ERROR 轮询VAA时发生异常（网络/解析等问题）: HTTPSConnectionPool(host='api.testnet.wormholescan.io', port=443): Max retries exceeded with url: /api/v1/vaas/?page=0&pageSize=5&sortOrder=ASC&txHash=2d94ac0dd35739bce7b03f2bb6afacf6accb7b18641d9c1c8f501b9a3d363371&parsedPayload=true (Caused by SSLError(SSLEOFError(8, '[SSL: UNEXPECTED_EOF_WHILE_READING] EOF occurred in violation of protocol (_ssl.c:1000)')))
2025-12-12 17:26:50,659 ERROR 轮询VAA时发生异常（网络/解析等问题）: HTTPSConnectionPool(host='api.testnet.wormholescan.io', port=443): Max retries exceeded with url: /api/v1/vaas/?page=0&pageSize=5&sortOrder=ASC&txHash=2d94ac0dd35739bce7b03f2bb6afacf6accb7b18641d9c1c8f501b9a3d363371&parsedPayload=true (Caused by SSLError(SSLEOFError(8, '[SSL: UNEXPECTED_EOF_WHILE_READING] EOF occurred in violation of protocol (_ssl.c:1000)')))
2025-12-12 17:26:50,751 ERROR 轮询VAA时发生异常（网络/解析等问题）: HTTPSConnectionPool(host='api.testnet.wormholescan.io', port=443): Max retries exceeded with url: /api/v1/vaas/?page=0&pageSize=5&sortOrder=ASC&txHash=2d94ac0dd35739bce7b03f2bb6afacf6accb7b18641d9c1c8f501b9a3d363371&parsedPayload=true (Caused by SSLError(SSLEOFError(8, '[SSL: UNEXPECTED_EOF_WHILE_READING] EOF occurred in violation of protocol (_ssl.c:1000)')))
2025-12-12 17:26:50,857 ERROR 轮询VAA时发生异常（网络/解析等问题）: HTTPSConnectionPool(host='api.testnet.wormholescan.io', port=443): Max retries exceeded with url: /api/v1/vaas/?page=0&pageSize=5&sortOrder=ASC&txHash=2d94ac0dd35739bce7b03f2bb6afacf6accb7b18641d9c1c8f501b9a3d363371&parsedPayload=true (Caused by SSLError(SSLEOFError(8, '[SSL: UNEXPECTED_EOF_WHILE_READING] EOF occurred in violation of protocol (_ssl.c:1000)')))
2025-12-12 17:26:50,942 ERROR 轮询VAA时发生异常（网络/解析等问题）: HTTPSConnectionPool(host='api.testnet.wormholescan.io', port=443): Max retries exceeded with url: /api/v1/vaas/?page=0&pageSize=5&sortOrder=ASC&txHash=2d94ac0dd35739bce7b03f2bb6afacf6accb7b18641d9c1c8f501b9a3d363371&parsedPayload=true (Caused by SSLError(SSLEOFError(8, '[SSL: UNEXPECTED_EOF_WHILE_READING] EOF occurred in violation of protocol (_ssl.c:1000)')))
2025-12-12 17:26:51,037 ERROR 轮询VAA时发生异常（网络/解析等问题）: HTTPSConnectionPool(host='api.testnet.wormholescan.io', port=443): Max retries exceeded with url: /api/v1/vaas/?page=0&pageSize=5&sortOrder=ASC&txHash=2d94ac0dd35739bce7b03f2bb6afacf6accb7b18641d9c1c8f501b9a3d363371&parsedPayload=true (Caused by SSLError(SSLEOFError(8, '[SSL: UNEXPECTED_EOF_WHILE_READING] EOF occurred in violation of protocol (_ssl.c:1000)')))
2025-12-12 17:26:51,140 ERROR 轮询VAA时发生异常（网络/解析等问题）: HTTPSConnectionPool(host='api.testnet.wormholescan.io', port=443): Max retries exceeded with url: /api/v1/vaas/?page=0&pageSize=5&sortOrder=ASC&txHash=2d94ac0dd35739bce7b03f2bb6afacf6accb7b18641d9c1c8f501b9a3d363371&parsedPayload=true (Caused by SSLError(SSLEOFError(8, '[SSL: UNEXPECTED_EOF_WHILE_READING] EOF occurred in violation of protocol (_ssl.c:1000)')))
2025-12-12 17:26:52,036 INFO vaa还未签名，继续轮询获取中...
2025-12-12 17:26:53,062 INFO vaa还未签名，继续轮询获取中...
2025-12-12 17:26:53,267 ERROR 轮询VAA时发生异常（网络/解析等问题）: HTTPSConnectionPool(host='api.testnet.wormholescan.io', port=443): Max retries exceeded with url: /api/v1/vaas/?page=0&pageSize=5&sortOrder=ASC&txHash=2d94ac0dd35739bce7b03f2bb6afacf6accb7b18641d9c1c8f501b9a3d363371&parsedPayload=true (Caused by SSLError(SSLEOFError(8, '[SSL: UNEXPECTED_EOF_WHILE_READING] EOF occurred in violation of protocol (_ssl.c:1000)')))
2025-12-12 17:26:53,350 ERROR 轮询VAA时发生异常（网络/解析等问题）: HTTPSConnectionPool(host='api.testnet.wormholescan.io', port=443): Max retries exceeded with url: /api/v1/vaas/?page=0&pageSize=5&sortOrder=ASC&txHash=2d94ac0dd35739bce7b03f2bb6afacf6accb7b18641d9c1c8f501b9a3d363371&parsedPayload=true (Caused by SSLError(SSLEOFError(8, '[SSL: UNEXPECTED_EOF_WHILE_READING] EOF occurred in violation of protocol (_ssl.c:1000)')))
2025-12-12 17:26:53,472 ERROR 轮询VAA时发生异常（网络/解析等问题）: HTTPSConnectionPool(host='api.testnet.wormholescan.io', port=443): Max retries exceeded with url: /api/v1/vaas/?page=0&pageSize=5&sortOrder=ASC&txHash=2d94ac0dd35739bce7b03f2bb6afacf6accb7b18641d9c1c8f501b9a3d363371&parsedPayload=true (Caused by SSLError(SSLEOFError(8, '[SSL: UNEXPECTED_EOF_WHILE_READING] EOF occurred in violation of protocol (_ssl.c:1000)')))
2025-12-12 17:26:54,352 INFO vaa还未签名，继续轮询获取中...
2025-12-12 17:26:54,542 ERROR 轮询VAA时发生异常（网络/解析等问题）: HTTPSConnectionPool(host='api.testnet.wormholescan.io', port=443): Max retries exceeded with url: /api/v1/vaas/?page=0&pageSize=5&sortOrder=ASC&txHash=2d94ac0dd35739bce7b03f2bb6afacf6accb7b18641d9c1c8f501b9a3d363371&parsedPayload=true (Caused by SSLError(SSLEOFError(8, '[SSL: UNEXPECTED_EOF_WHILE_READING] EOF occurred in violation of protocol (_ssl.c:1000)')))
2025-12-12 17:26:54,678 ERROR 轮询VAA时发生异常（网络/解析等问题）: HTTPSConnectionPool(host='api.testnet.wormholescan.io', port=443): Max retries exceeded with url: /api/v1/vaas/?page=0&pageSize=5&sortOrder=ASC&txHash=2d94ac0dd35739bce7b03f2bb6afacf6accb7b18641d9c1c8f501b9a3d363371&parsedPayload=true (Caused by SSLError(SSLEOFError(8, '[SSL: UNEXPECTED_EOF_WHILE_READING] EOF occurred in violation of protocol (_ssl.c:1000)')))
2025-12-12 17:26:54,775 ERROR 轮询VAA时发生异常（网络/解析等问题）: HTTPSConnectionPool(host='api.testnet.wormholescan.io', port=443): Max retries exceeded with url: /api/v1/vaas/?page=0&pageSize=5&sortOrder=ASC&txHash=2d94ac0dd35739bce7b03f2bb6afacf6accb7b18641d9c1c8f501b9a3d363371&parsedPayload=true (Caused by SSLError(SSLEOFError(8, '[SSL: UNEXPECTED_EOF_WHILE_READING] EOF occurred in violation of protocol (_ssl.c:1000)')))
2025-12-12 17:26:54,869 ERROR 轮询VAA时发生异常（网络/解析等问题）: HTTPSConnectionPool(host='api.testnet.wormholescan.io', port=443): Max retries exceeded with url: /api/v1/vaas/?page=0&pageSize=5&sortOrder=ASC&txHash=2d94ac0dd35739bce7b03f2bb6afacf6accb7b18641d9c1c8f501b9a3d363371&parsedPayload=true (Caused by SSLError(SSLEOFError(8, '[SSL: UNEXPECTED_EOF_WHILE_READING] EOF occurred in violation of protocol (_ssl.c:1000)')))
2025-12-12 17:26:54,966 ERROR 轮询VAA时发生异常（网络/解析等问题）: HTTPSConnectionPool(host='api.testnet.wormholescan.io', port=443): Max retries exceeded with url: /api/v1/vaas/?page=0&pageSize=5&sortOrder=ASC&txHash=2d94ac0dd35739bce7b03f2bb6afacf6accb7b18641d9c1c8f501b9a3d363371&parsedPayload=true (Caused by SSLError(SSLEOFError(8, '[SSL: UNEXPECTED_EOF_WHILE_READING] EOF occurred in violation of protocol (_ssl.c:1000)')))
2025-12-12 17:26:55,130 ERROR 轮询VAA时发生异常（网络/解析等问题）: HTTPSConnectionPool(host='api.testnet.wormholescan.io', port=443): Max retries exceeded with url: /api/v1/vaas/?page=0&pageSize=5&sortOrder=ASC&txHash=2d94ac0dd35739bce7b03f2bb6afacf6accb7b18641d9c1c8f501b9a3d363371&parsedPayload=true (Caused by SSLError(SSLEOFError(8, '[SSL: UNEXPECTED_EOF_WHILE_READING] EOF occurred in violation of protocol (_ssl.c:1000)')))
2025-12-12 17:26:55,234 ERROR 轮询VAA时发生异常（网络/解析等问题）: HTTPSConnectionPool(host='api.testnet.wormholescan.io', port=443): Max retries exceeded with url: /api/v1/vaas/?page=0&pageSize=5&sortOrder=ASC&txHash=2d94ac0dd35739bce7b03f2bb6afacf6accb7b18641d9c1c8f501b9a3d363371&parsedPayload=true (Caused by SSLError(SSLEOFError(8, '[SSL: UNEXPECTED_EOF_WHILE_READING] EOF occurred in violation of protocol (_ssl.c:1000)')))
2025-12-12 17:26:55,320 ERROR 轮询VAA时发生异常（网络/解析等问题）: HTTPSConnectionPool(host='api.testnet.wormholescan.io', port=443): Max retries exceeded with url: /api/v1/vaas/?page=0&pageSize=5&sortOrder=ASC&txHash=2d94ac0dd35739bce7b03f2bb6afacf6accb7b18641d9c1c8f501b9a3d363371&parsedPayload=true (Caused by SSLError(SSLEOFError(8, '[SSL: UNEXPECTED_EOF_WHILE_READING] EOF occurred in violation of protocol (_ssl.c:1000)')))
2025-12-12 17:26:55,420 ERROR 轮询VAA时发生异常（网络/解析等问题）: HTTPSConnectionPool(host='api.testnet.wormholescan.io', port=443): Max retries exceeded with url: /api/v1/vaas/?page=0&pageSize=5&sortOrder=ASC&txHash=2d94ac0dd35739bce7b03f2bb6afacf6accb7b18641d9c1c8f501b9a3d363371&parsedPayload=true (Caused by SSLError(SSLEOFError(8, '[SSL: UNEXPECTED_EOF_WHILE_READING] EOF occurred in violation of protocol (_ssl.c:1000)')))
2025-12-12 17:26:56,375 INFO vaa还未签名，继续轮询获取中...
2025-12-12 17:26:56,568 ERROR 轮询VAA时发生异常（网络/解析等问题）: HTTPSConnectionPool(host='api.testnet.wormholescan.io', port=443): Max retries exceeded with url: /api/v1/vaas/?page=0&pageSize=5&sortOrder=ASC&txHash=2d94ac0dd35739bce7b03f2bb6afacf6accb7b18641d9c1c8f501b9a3d363371&parsedPayload=true (Caused by SSLError(SSLEOFError(8, '[SSL: UNEXPECTED_EOF_WHILE_READING] EOF occurred in violation of protocol (_ssl.c:1000)')))
2025-12-12 17:26:56,666 ERROR 轮询VAA时发生异常（网络/解析等问题）: HTTPSConnectionPool(host='api.testnet.wormholescan.io', port=443): Max retries exceeded with url: /api/v1/vaas/?page=0&pageSize=5&sortOrder=ASC&txHash=2d94ac0dd35739bce7b03f2bb6afacf6accb7b18641d9c1c8f501b9a3d363371&parsedPayload=true (Caused by SSLError(SSLEOFError(8, '[SSL: UNEXPECTED_EOF_WHILE_READING] EOF occurred in violation of protocol (_ssl.c:1000)')))
2025-12-12 17:26:57,640 INFO vaa还未签名，继续轮询获取中...
2025-12-12 17:26:58,709 INFO vaa还未签名，继续轮询获取中...
2025-12-12 17:26:58,912 ERROR 轮询VAA时发生异常（网络/解析等问题）: HTTPSConnectionPool(host='api.testnet.wormholescan.io', port=443): Max retries exceeded with url: /api/v1/vaas/?page=0&pageSize=5&sortOrder=ASC&txHash=2d94ac0dd35739bce7b03f2bb6afacf6accb7b18641d9c1c8f501b9a3d363371&parsedPayload=true (Caused by SSLError(SSLEOFError(8, '[SSL: UNEXPECTED_EOF_WHILE_READING] EOF occurred in violation of protocol (_ssl.c:1000)')))
2025-12-12 17:26:59,852 INFO vaa还未签名，继续轮询获取中...
2025-12-12 17:27:00,873 INFO vaa还未签名，继续轮询获取中...
2025-12-12 17:27:01,891 INFO vaa还未签名，继续轮询获取中...
2025-12-12 17:27:02,882 INFO vaa还未签名，继续轮询获取中...
2025-12-12 17:27:03,081 ERROR 轮询VAA时发生异常（网络/解析等问题）: HTTPSConnectionPool(host='api.testnet.wormholescan.io', port=443): Max retries exceeded with url: /api/v1/vaas/?page=0&pageSize=5&sortOrder=ASC&txHash=2d94ac0dd35739bce7b03f2bb6afacf6accb7b18641d9c1c8f501b9a3d363371&parsedPayload=true (Caused by SSLError(SSLEOFError(8, '[SSL: UNEXPECTED_EOF_WHILE_READING] EOF occurred in violation of protocol (_ssl.c:1000)')))
2025-12-12 17:27:03,188 ERROR 轮询VAA时发生异常（网络/解析等问题）: HTTPSConnectionPool(host='api.testnet.wormholescan.io', port=443): Max retries exceeded with url: /api/v1/vaas/?page=0&pageSize=5&sortOrder=ASC&txHash=2d94ac0dd35739bce7b03f2bb6afacf6accb7b18641d9c1c8f501b9a3d363371&parsedPayload=true (Caused by SSLError(SSLEOFError(8, '[SSL: UNEXPECTED_EOF_WHILE_READING] EOF occurred in violation of protocol (_ssl.c:1000)')))
2025-12-12 17:27:03,310 ERROR 轮询VAA时发生异常（网络/解析等问题）: HTTPSConnectionPool(host='api.testnet.wormholescan.io', port=443): Max retries exceeded with url: /api/v1/vaas/?page=0&pageSize=5&sortOrder=ASC&txHash=2d94ac0dd35739bce7b03f2bb6afacf6accb7b18641d9c1c8f501b9a3d363371&parsedPayload=true (Caused by SSLError(SSLEOFError(8, '[SSL: UNEXPECTED_EOF_WHILE_READING] EOF occurred in violation of protocol (_ssl.c:1000)')))
2025-12-12 17:27:04,314 INFO vaa还未签名，继续轮询获取中...
2025-12-12 17:27:04,518 ERROR 轮询VAA时发生异常（网络/解析等问题）: HTTPSConnectionPool(host='api.testnet.wormholescan.io', port=443): Max retries exceeded with url: /api/v1/vaas/?page=0&pageSize=5&sortOrder=ASC&txHash=2d94ac0dd35739bce7b03f2bb6afacf6accb7b18641d9c1c8f501b9a3d363371&parsedPayload=true (Caused by SSLError(SSLEOFError(8, '[SSL: UNEXPECTED_EOF_WHILE_READING] EOF occurred in violation of protocol (_ssl.c:1000)')))
2025-12-12 17:27:04,643 ERROR 轮询VAA时发生异常（网络/解析等问题）: HTTPSConnectionPool(host='api.testnet.wormholescan.io', port=443): Max retries exceeded with url: /api/v1/vaas/?page=0&pageSize=5&sortOrder=ASC&txHash=2d94ac0dd35739bce7b03f2bb6afacf6accb7b18641d9c1c8f501b9a3d363371&parsedPayload=true (Caused by SSLError(SSLEOFError(8, '[SSL: UNEXPECTED_EOF_WHILE_READING] EOF occurred in violation of protocol (_ssl.c:1000)')))
2025-12-12 17:27:04,762 ERROR 轮询VAA时发生异常（网络/解析等问题）: HTTPSConnectionPool(host='api.testnet.wormholescan.io', port=443): Max retries exceeded with url: /api/v1/vaas/?page=0&pageSize=5&sortOrder=ASC&txHash=2d94ac0dd35739bce7b03f2bb6afacf6accb7b18641d9c1c8f501b9a3d363371&parsedPayload=true (Caused by SSLError(SSLEOFError(8, '[SSL: UNEXPECTED_EOF_WHILE_READING] EOF occurred in violation of protocol (_ssl.c:1000)')))
2025-12-12 17:27:05,650 INFO vaa还未签名，继续轮询获取中...
2025-12-12 17:27:06,668 INFO vaa还未签名，继续轮询获取中...
2025-12-12 17:27:07,679 INFO vaa还未签名，继续轮询获取中...
2025-12-12 17:27:08,676 INFO vaa还未签名，继续轮询获取中...
2025-12-12 17:27:09,689 INFO vaa还未签名，继续轮询获取中...
2025-12-12 17:27:10,713 INFO vaa还未签名，继续轮询获取中...
2025-12-12 17:27:11,740 INFO vaa还未签名，继续轮询获取中...
2025-12-12 17:27:12,727 INFO vaa还未签名，继续轮询获取中...
2025-12-12 17:27:13,747 INFO vaa还未签名，继续轮询获取中...
2025-12-12 17:27:14,790 INFO vaa还未签名，继续轮询获取中...
2025-12-12 17:27:15,827 INFO vaa还未签名，继续轮询获取中...
2025-12-12 17:27:16,810 INFO vaa还未签名，继续轮询获取中...
2025-12-12 17:27:17,820 INFO vaa还未签名，继续轮询获取中...
2025-12-12 17:27:18,853 INFO vaa还未签名，继续轮询获取中...
2025-12-12 17:27:19,899 INFO vaa还未签名，继续轮询获取中...
2025-12-12 17:27:20,997 INFO vaa还未签名，继续轮询获取中...
2025-12-12 17:27:22,092 INFO vaa还未签名，继续轮询获取中...
2025-12-12 17:27:23,077 INFO vaa还未签名，继续轮询获取中...
2025-12-12 17:27:24,072 INFO vaa还未签名，继续轮询获取中...
2025-12-12 17:27:25,101 INFO vaa还未签名，继续轮询获取中...
2025-12-12 17:27:26,132 INFO vaa还未签名，继续轮询获取中...
2025-12-12 17:27:27,156 INFO vaa还未签名，继续轮询获取中...
2025-12-12 17:27:28,197 INFO vaa还未签名，继续轮询获取中...
2025-12-12 17:27:29,219 INFO vaa还未签名，继续轮询获取中...
2025-12-12 17:27:30,259 INFO vaa还未签名，继续轮询获取中...
2025-12-12 17:27:31,254 INFO vaa还未签名，继续轮询获取中...
2025-12-12 17:27:32,250 INFO vaa还未签名，继续轮询获取中...
2025-12-12 17:27:33,302 INFO vaa还未签名，继续轮询获取中...
2025-12-12 17:27:34,370 INFO vaa还未签名，继续轮询获取中...
2025-12-12 17:27:35,384 INFO vaa还未签名，继续轮询获取中...
2025-12-12 17:27:35,568 ERROR 轮询VAA时发生异常（网络/解析等问题）: HTTPSConnectionPool(host='api.testnet.wormholescan.io', port=443): Max retries exceeded with url: /api/v1/vaas/?page=0&pageSize=5&sortOrder=ASC&txHash=2d94ac0dd35739bce7b03f2bb6afacf6accb7b18641d9c1c8f501b9a3d363371&parsedPayload=true (Caused by SSLError(SSLEOFError(8, '[SSL: UNEXPECTED_EOF_WHILE_READING] EOF occurred in violation of protocol (_ssl.c:1000)')))
2025-12-12 17:27:36,481 INFO vaa还未签名，继续轮询获取中...
2025-12-12 17:27:37,475 INFO vaa还未签名，继续轮询获取中...
2025-12-12 17:27:37,671 ERROR 轮询VAA时发生异常（网络/解析等问题）: HTTPSConnectionPool(host='api.testnet.wormholescan.io', port=443): Max retries exceeded with url: /api/v1/vaas/?page=0&pageSize=5&sortOrder=ASC&txHash=2d94ac0dd35739bce7b03f2bb6afacf6accb7b18641d9c1c8f501b9a3d363371&parsedPayload=true (Caused by SSLError(SSLEOFError(8, '[SSL: UNEXPECTED_EOF_WHILE_READING] EOF occurred in violation of protocol (_ssl.c:1000)')))
2025-12-12 17:27:37,755 ERROR 轮询VAA时发生异常（网络/解析等问题）: HTTPSConnectionPool(host='api.testnet.wormholescan.io', port=443): Max retries exceeded with url: /api/v1/vaas/?page=0&pageSize=5&sortOrder=ASC&txHash=2d94ac0dd35739bce7b03f2bb6afacf6accb7b18641d9c1c8f501b9a3d363371&parsedPayload=true (Caused by SSLError(SSLEOFError(8, '[SSL: UNEXPECTED_EOF_WHILE_READING] EOF occurred in violation of protocol (_ssl.c:1000)')))
2025-12-12 17:27:37,843 ERROR 轮询VAA时发生异常（网络/解析等问题）: HTTPSConnectionPool(host='api.testnet.wormholescan.io', port=443): Max retries exceeded with url: /api/v1/vaas/?page=0&pageSize=5&sortOrder=ASC&txHash=2d94ac0dd35739bce7b03f2bb6afacf6accb7b18641d9c1c8f501b9a3d363371&parsedPayload=true (Caused by SSLError(SSLEOFError(8, '[SSL: UNEXPECTED_EOF_WHILE_READING] EOF occurred in violation of protocol (_ssl.c:1000)')))
2025-12-12 17:27:37,938 ERROR 轮询VAA时发生异常（网络/解析等问题）: HTTPSConnectionPool(host='api.testnet.wormholescan.io', port=443): Max retries exceeded with url: /api/v1/vaas/?page=0&pageSize=5&sortOrder=ASC&txHash=2d94ac0dd35739bce7b03f2bb6afacf6accb7b18641d9c1c8f501b9a3d363371&parsedPayload=true (Caused by SSLError(SSLEOFError(8, '[SSL: UNEXPECTED_EOF_WHILE_READING] EOF occurred in violation of protocol (_ssl.c:1000)')))
2025-12-12 17:27:38,027 ERROR 轮询VAA时发生异常（网络/解析等问题）: HTTPSConnectionPool(host='api.testnet.wormholescan.io', port=443): Max retries exceeded with url: /api/v1/vaas/?page=0&pageSize=5&sortOrder=ASC&txHash=2d94ac0dd35739bce7b03f2bb6afacf6accb7b18641d9c1c8f501b9a3d363371&parsedPayload=true (Caused by SSLError(SSLEOFError(8, '[SSL: UNEXPECTED_EOF_WHILE_READING] EOF occurred in violation of protocol (_ssl.c:1000)')))
2025-12-12 17:27:38,107 ERROR 轮询VAA时发生异常（网络/解析等问题）: HTTPSConnectionPool(host='api.testnet.wormholescan.io', port=443): Max retries exceeded with url: /api/v1/vaas/?page=0&pageSize=5&sortOrder=ASC&txHash=2d94ac0dd35739bce7b03f2bb6afacf6accb7b18641d9c1c8f501b9a3d363371&parsedPayload=true (Caused by SSLError(SSLEOFError(8, '[SSL: UNEXPECTED_EOF_WHILE_READING] EOF occurred in violation of protocol (_ssl.c:1000)')))
2025-12-12 17:27:38,202 ERROR 轮询VAA时发生异常（网络/解析等问题）: HTTPSConnectionPool(host='api.testnet.wormholescan.io', port=443): Max retries exceeded with url: /api/v1/vaas/?page=0&pageSize=5&sortOrder=ASC&txHash=2d94ac0dd35739bce7b03f2bb6afacf6accb7b18641d9c1c8f501b9a3d363371&parsedPayload=true (Caused by SSLError(SSLEOFError(8, '[SSL: UNEXPECTED_EOF_WHILE_READING] EOF occurred in violation of protocol (_ssl.c:1000)')))
2025-12-12 17:27:39,110 INFO vaa还未签名，继续轮询获取中...
2025-12-12 17:27:39,298 ERROR 轮询VAA时发生异常（网络/解析等问题）: HTTPSConnectionPool(host='api.testnet.wormholescan.io', port=443): Max retries exceeded with url: /api/v1/vaas/?page=0&pageSize=5&sortOrder=ASC&txHash=2d94ac0dd35739bce7b03f2bb6afacf6accb7b18641d9c1c8f501b9a3d363371&parsedPayload=true (Caused by SSLError(SSLEOFError(8, '[SSL: UNEXPECTED_EOF_WHILE_READING] EOF occurred in violation of protocol (_ssl.c:1000)')))
2025-12-12 17:27:39,390 ERROR 轮询VAA时发生异常（网络/解析等问题）: HTTPSConnectionPool(host='api.testnet.wormholescan.io', port=443): Max retries exceeded with url: /api/v1/vaas/?page=0&pageSize=5&sortOrder=ASC&txHash=2d94ac0dd35739bce7b03f2bb6afacf6accb7b18641d9c1c8f501b9a3d363371&parsedPayload=true (Caused by SSLError(SSLEOFError(8, '[SSL: UNEXPECTED_EOF_WHILE_READING] EOF occurred in violation of protocol (_ssl.c:1000)')))
2025-12-12 17:27:39,478 ERROR 轮询VAA时发生异常（网络/解析等问题）: HTTPSConnectionPool(host='api.testnet.wormholescan.io', port=443): Max retries exceeded with url: /api/v1/vaas/?page=0&pageSize=5&sortOrder=ASC&txHash=2d94ac0dd35739bce7b03f2bb6afacf6accb7b18641d9c1c8f501b9a3d363371&parsedPayload=true (Caused by SSLError(SSLEOFError(8, '[SSL: UNEXPECTED_EOF_WHILE_READING] EOF occurred in violation of protocol (_ssl.c:1000)')))
2025-12-12 17:27:39,575 ERROR 轮询VAA时发生异常（网络/解析等问题）: HTTPSConnectionPool(host='api.testnet.wormholescan.io', port=443): Max retries exceeded with url: /api/v1/vaas/?page=0&pageSize=5&sortOrder=ASC&txHash=2d94ac0dd35739bce7b03f2bb6afacf6accb7b18641d9c1c8f501b9a3d363371&parsedPayload=true (Caused by SSLError(SSLEOFError(8, '[SSL: UNEXPECTED_EOF_WHILE_READING] EOF occurred in violation of protocol (_ssl.c:1000)')))
2025-12-12 17:27:39,668 ERROR 轮询VAA时发生异常（网络/解析等问题）: HTTPSConnectionPool(host='api.testnet.wormholescan.io', port=443): Max retries exceeded with url: /api/v1/vaas/?page=0&pageSize=5&sortOrder=ASC&txHash=2d94ac0dd35739bce7b03f2bb6afacf6accb7b18641d9c1c8f501b9a3d363371&parsedPayload=true (Caused by SSLError(SSLEOFError(8, '[SSL: UNEXPECTED_EOF_WHILE_READING] EOF occurred in violation of protocol (_ssl.c:1000)')))
2025-12-12 17:27:39,763 ERROR 轮询VAA时发生异常（网络/解析等问题）: HTTPSConnectionPool(host='api.testnet.wormholescan.io', port=443): Max retries exceeded with url: /api/v1/vaas/?page=0&pageSize=5&sortOrder=ASC&txHash=2d94ac0dd35739bce7b03f2bb6afacf6accb7b18641d9c1c8f501b9a3d363371&parsedPayload=true (Caused by SSLError(SSLEOFError(8, '[SSL: UNEXPECTED_EOF_WHILE_READING] EOF occurred in violation of protocol (_ssl.c:1000)')))
2025-12-12 17:27:39,863 ERROR 轮询VAA时发生异常（网络/解析等问题）: HTTPSConnectionPool(host='api.testnet.wormholescan.io', port=443): Max retries exceeded with url: /api/v1/vaas/?page=0&pageSize=5&sortOrder=ASC&txHash=2d94ac0dd35739bce7b03f2bb6afacf6accb7b18641d9c1c8f501b9a3d363371&parsedPayload=true (Caused by SSLError(SSLEOFError(8, '[SSL: UNEXPECTED_EOF_WHILE_READING] EOF occurred in violation of protocol (_ssl.c:1000)')))
2025-12-12 17:27:39,936 ERROR 轮询VAA时发生异常（网络/解析等问题）: HTTPSConnectionPool(host='api.testnet.wormholescan.io', port=443): Max retries exceeded with url: /api/v1/vaas/?page=0&pageSize=5&sortOrder=ASC&txHash=2d94ac0dd35739bce7b03f2bb6afacf6accb7b18641d9c1c8f501b9a3d363371&parsedPayload=true (Caused by SSLError(SSLEOFError(8, '[SSL: UNEXPECTED_EOF_WHILE_READING] EOF occurred in violation of protocol (_ssl.c:1000)')))
2025-12-12 17:27:40,007 ERROR 轮询VAA时发生异常（网络/解析等问题）: HTTPSConnectionPool(host='api.testnet.wormholescan.io', port=443): Max retries exceeded with url: /api/v1/vaas/?page=0&pageSize=5&sortOrder=ASC&txHash=2d94ac0dd35739bce7b03f2bb6afacf6accb7b18641d9c1c8f501b9a3d363371&parsedPayload=true (Caused by SSLError(SSLEOFError(8, '[SSL: UNEXPECTED_EOF_WHILE_READING] EOF occurred in violation of protocol (_ssl.c:1000)')))
2025-12-12 17:27:40,980 INFO vaa还未签名，继续轮询获取中...
2025-12-12 17:27:43,238 INFO vaa还未签名，继续轮询获取中...
2025-12-12 17:27:44,290 INFO vaa还未签名，继续轮询获取中...
2025-12-12 17:27:44,486 ERROR 轮询VAA时发生异常（网络/解析等问题）: HTTPSConnectionPool(host='api.testnet.wormholescan.io', port=443): Max retries exceeded with url: /api/v1/vaas/?page=0&pageSize=5&sortOrder=ASC&txHash=2d94ac0dd35739bce7b03f2bb6afacf6accb7b18641d9c1c8f501b9a3d363371&parsedPayload=true (Caused by SSLError(SSLEOFError(8, '[SSL: UNEXPECTED_EOF_WHILE_READING] EOF occurred in violation of protocol (_ssl.c:1000)')))
2025-12-12 17:27:45,399 INFO vaa还未签名，继续轮询获取中...
2025-12-12 17:27:47,585 INFO vaa还未签名，继续轮询获取中...
2025-12-12 17:27:47,805 ERROR 轮询VAA时发生异常（网络/解析等问题）: HTTPSConnectionPool(host='api.testnet.wormholescan.io', port=443): Max retries exceeded with url: /api/v1/vaas/?page=0&pageSize=5&sortOrder=ASC&txHash=2d94ac0dd35739bce7b03f2bb6afacf6accb7b18641d9c1c8f501b9a3d363371&parsedPayload=true (Caused by SSLError(SSLEOFError(8, '[SSL: UNEXPECTED_EOF_WHILE_READING] EOF occurred in violation of protocol (_ssl.c:1000)')))
2025-12-12 17:27:47,908 ERROR 轮询VAA时发生异常（网络/解析等问题）: HTTPSConnectionPool(host='api.testnet.wormholescan.io', port=443): Max retries exceeded with url: /api/v1/vaas/?page=0&pageSize=5&sortOrder=ASC&txHash=2d94ac0dd35739bce7b03f2bb6afacf6accb7b18641d9c1c8f501b9a3d363371&parsedPayload=true (Caused by SSLError(SSLEOFError(8, '[SSL: UNEXPECTED_EOF_WHILE_READING] EOF occurred in violation of protocol (_ssl.c:1000)')))
2025-12-12 17:27:48,032 ERROR 轮询VAA时发生异常（网络/解析等问题）: HTTPSConnectionPool(host='api.testnet.wormholescan.io', port=443): Max retries exceeded with url: /api/v1/vaas/?page=0&pageSize=5&sortOrder=ASC&txHash=2d94ac0dd35739bce7b03f2bb6afacf6accb7b18641d9c1c8f501b9a3d363371&parsedPayload=true (Caused by SSLError(SSLEOFError(8, '[SSL: UNEXPECTED_EOF_WHILE_READING] EOF occurred in violation of protocol (_ssl.c:1000)')))
2025-12-12 17:27:48,128 ERROR 轮询VAA时发生异常（网络/解析等问题）: HTTPSConnectionPool(host='api.testnet.wormholescan.io', port=443): Max retries exceeded with url: /api/v1/vaas/?page=0&pageSize=5&sortOrder=ASC&txHash=2d94ac0dd35739bce7b03f2bb6afacf6accb7b18641d9c1c8f501b9a3d363371&parsedPayload=true (Caused by SSLError(SSLEOFError(8, '[SSL: UNEXPECTED_EOF_WHILE_READING] EOF occurred in violation of protocol (_ssl.c:1000)')))
2025-12-12 17:27:48,208 ERROR 轮询VAA时发生异常（网络/解析等问题）: HTTPSConnectionPool(host='api.testnet.wormholescan.io', port=443): Max retries exceeded with url: /api/v1/vaas/?page=0&pageSize=5&sortOrder=ASC&txHash=2d94ac0dd35739bce7b03f2bb6afacf6accb7b18641d9c1c8f501b9a3d363371&parsedPayload=true (Caused by SSLError(SSLEOFError(8, '[SSL: UNEXPECTED_EOF_WHILE_READING] EOF occurred in violation of protocol (_ssl.c:1000)')))
2025-12-12 17:27:48,303 ERROR 轮询VAA时发生异常（网络/解析等问题）: HTTPSConnectionPool(host='api.testnet.wormholescan.io', port=443): Max retries exceeded with url: /api/v1/vaas/?page=0&pageSize=5&sortOrder=ASC&txHash=2d94ac0dd35739bce7b03f2bb6afacf6accb7b18641d9c1c8f501b9a3d363371&parsedPayload=true (Caused by SSLError(SSLEOFError(8, '[SSL: UNEXPECTED_EOF_WHILE_READING] EOF occurred in violation of protocol (_ssl.c:1000)')))
2025-12-12 17:27:48,389 ERROR 轮询VAA时发生异常（网络/解析等问题）: HTTPSConnectionPool(host='api.testnet.wormholescan.io', port=443): Max retries exceeded with url: /api/v1/vaas/?page=0&pageSize=5&sortOrder=ASC&txHash=2d94ac0dd35739bce7b03f2bb6afacf6accb7b18641d9c1c8f501b9a3d363371&parsedPayload=true (Caused by SSLError(SSLEOFError(8, '[SSL: UNEXPECTED_EOF_WHILE_READING] EOF occurred in violation of protocol (_ssl.c:1000)')))
2025-12-12 17:27:48,465 ERROR 轮询VAA时发生异常（网络/解析等问题）: HTTPSConnectionPool(host='api.testnet.wormholescan.io', port=443): Max retries exceeded with url: /api/v1/vaas/?page=0&pageSize=5&sortOrder=ASC&txHash=2d94ac0dd35739bce7b03f2bb6afacf6accb7b18641d9c1c8f501b9a3d363371&parsedPayload=true (Caused by SSLError(SSLEOFError(8, '[SSL: UNEXPECTED_EOF_WHILE_READING] EOF occurred in violation of protocol (_ssl.c:1000)')))
2025-12-12 17:27:48,575 ERROR 轮询VAA时发生异常（网络/解析等问题）: HTTPSConnectionPool(host='api.testnet.wormholescan.io', port=443): Max retries exceeded with url: /api/v1/vaas/?page=0&pageSize=5&sortOrder=ASC&txHash=2d94ac0dd35739bce7b03f2bb6afacf6accb7b18641d9c1c8f501b9a3d363371&parsedPayload=true (Caused by SSLError(SSLEOFError(8, '[SSL: UNEXPECTED_EOF_WHILE_READING] EOF occurred in violation of protocol (_ssl.c:1000)')))
2025-12-12 17:27:48,667 ERROR 轮询VAA时发生异常（网络/解析等问题）: HTTPSConnectionPool(host='api.testnet.wormholescan.io', port=443): Max retries exceeded with url: /api/v1/vaas/?page=0&pageSize=5&sortOrder=ASC&txHash=2d94ac0dd35739bce7b03f2bb6afacf6accb7b18641d9c1c8f501b9a3d363371&parsedPayload=true (Caused by SSLError(SSLEOFError(8, '[SSL: UNEXPECTED_EOF_WHILE_READING] EOF occurred in violation of protocol (_ssl.c:1000)')))
2025-12-12 17:27:49,617 INFO vaa还未签名，继续轮询获取中...
2025-12-12 17:27:49,861 ERROR 轮询VAA时发生异常（网络/解析等问题）: HTTPSConnectionPool(host='api.testnet.wormholescan.io', port=443): Max retries exceeded with url: /api/v1/vaas/?page=0&pageSize=5&sortOrder=ASC&txHash=2d94ac0dd35739bce7b03f2bb6afacf6accb7b18641d9c1c8f501b9a3d363371&parsedPayload=true (Caused by SSLError(SSLEOFError(8, '[SSL: UNEXPECTED_EOF_WHILE_READING] EOF occurred in violation of protocol (_ssl.c:1000)')))
2025-12-12 17:27:50,800 INFO vaa还未签名，继续轮询获取中...
2025-12-12 17:27:53,062 INFO vaa还未签名，继续轮询获取中...
2025-12-12 17:27:54,064 INFO vaa还未签名，继续轮询获取中...
2025-12-12 17:27:54,243 ERROR 轮询VAA时发生异常（网络/解析等问题）: HTTPSConnectionPool(host='api.testnet.wormholescan.io', port=443): Max retries exceeded with url: /api/v1/vaas/?page=0&pageSize=5&sortOrder=ASC&txHash=2d94ac0dd35739bce7b03f2bb6afacf6accb7b18641d9c1c8f501b9a3d363371&parsedPayload=true (Caused by SSLError(SSLEOFError(8, '[SSL: UNEXPECTED_EOF_WHILE_READING] EOF occurred in violation of protocol (_ssl.c:1000)')))
2025-12-12 17:27:54,337 ERROR 轮询VAA时发生异常（网络/解析等问题）: HTTPSConnectionPool(host='api.testnet.wormholescan.io', port=443): Max retries exceeded with url: /api/v1/vaas/?page=0&pageSize=5&sortOrder=ASC&txHash=2d94ac0dd35739bce7b03f2bb6afacf6accb7b18641d9c1c8f501b9a3d363371&parsedPayload=true (Caused by SSLError(SSLEOFError(8, '[SSL: UNEXPECTED_EOF_WHILE_READING] EOF occurred in violation of protocol (_ssl.c:1000)')))
2025-12-12 17:27:55,234 INFO vaa还未签名，继续轮询获取中...
2025-12-12 17:27:56,225 INFO vaa还未签名，继续轮询获取中...
2025-12-12 17:27:56,408 ERROR 轮询VAA时发生异常（网络/解析等问题）: HTTPSConnectionPool(host='api.testnet.wormholescan.io', port=443): Max retries exceeded with url: /api/v1/vaas/?page=0&pageSize=5&sortOrder=ASC&txHash=2d94ac0dd35739bce7b03f2bb6afacf6accb7b18641d9c1c8f501b9a3d363371&parsedPayload=true (Caused by SSLError(SSLEOFError(8, '[SSL: UNEXPECTED_EOF_WHILE_READING] EOF occurred in violation of protocol (_ssl.c:1000)')))
2025-12-12 17:27:56,485 ERROR 轮询VAA时发生异常（网络/解析等问题）: HTTPSConnectionPool(host='api.testnet.wormholescan.io', port=443): Max retries exceeded with url: /api/v1/vaas/?page=0&pageSize=5&sortOrder=ASC&txHash=2d94ac0dd35739bce7b03f2bb6afacf6accb7b18641d9c1c8f501b9a3d363371&parsedPayload=true (Caused by SSLError(SSLEOFError(8, '[SSL: UNEXPECTED_EOF_WHILE_READING] EOF occurred in violation of protocol (_ssl.c:1000)')))
2025-12-12 17:27:56,590 ERROR 轮询VAA时发生异常（网络/解析等问题）: HTTPSConnectionPool(host='api.testnet.wormholescan.io', port=443): Max retries exceeded with url: /api/v1/vaas/?page=0&pageSize=5&sortOrder=ASC&txHash=2d94ac0dd35739bce7b03f2bb6afacf6accb7b18641d9c1c8f501b9a3d363371&parsedPayload=true (Caused by SSLError(SSLEOFError(8, '[SSL: UNEXPECTED_EOF_WHILE_READING] EOF occurred in violation of protocol (_ssl.c:1000)')))
2025-12-12 17:27:56,682 ERROR 轮询VAA时发生异常（网络/解析等问题）: HTTPSConnectionPool(host='api.testnet.wormholescan.io', port=443): Max retries exceeded with url: /api/v1/vaas/?page=0&pageSize=5&sortOrder=ASC&txHash=2d94ac0dd35739bce7b03f2bb6afacf6accb7b18641d9c1c8f501b9a3d363371&parsedPayload=true (Caused by SSLError(SSLEOFError(8, '[SSL: UNEXPECTED_EOF_WHILE_READING] EOF occurred in violation of protocol (_ssl.c:1000)')))
2025-12-12 17:27:56,782 ERROR 轮询VAA时发生异常（网络/解析等问题）: HTTPSConnectionPool(host='api.testnet.wormholescan.io', port=443): Max retries exceeded with url: /api/v1/vaas/?page=0&pageSize=5&sortOrder=ASC&txHash=2d94ac0dd35739bce7b03f2bb6afacf6accb7b18641d9c1c8f501b9a3d363371&parsedPayload=true (Caused by SSLError(SSLEOFError(8, '[SSL: UNEXPECTED_EOF_WHILE_READING] EOF occurred in violation of protocol (_ssl.c:1000)')))
2025-12-12 17:27:57,762 INFO vaa还未签名，继续轮询获取中...
2025-12-12 17:27:57,967 ERROR 轮询VAA时发生异常（网络/解析等问题）: HTTPSConnectionPool(host='api.testnet.wormholescan.io', port=443): Max retries exceeded with url: /api/v1/vaas/?page=0&pageSize=5&sortOrder=ASC&txHash=2d94ac0dd35739bce7b03f2bb6afacf6accb7b18641d9c1c8f501b9a3d363371&parsedPayload=true (Caused by SSLError(SSLEOFError(8, '[SSL: UNEXPECTED_EOF_WHILE_READING] EOF occurred in violation of protocol (_ssl.c:1000)')))
2025-12-12 17:27:58,046 ERROR 轮询VAA时发生异常（网络/解析等问题）: HTTPSConnectionPool(host='api.testnet.wormholescan.io', port=443): Max retries exceeded with url: /api/v1/vaas/?page=0&pageSize=5&sortOrder=ASC&txHash=2d94ac0dd35739bce7b03f2bb6afacf6accb7b18641d9c1c8f501b9a3d363371&parsedPayload=true (Caused by SSLError(SSLEOFError(8, '[SSL: UNEXPECTED_EOF_WHILE_READING] EOF occurred in violation of protocol (_ssl.c:1000)')))
2025-12-12 17:27:58,130 ERROR 轮询VAA时发生异常（网络/解析等问题）: HTTPSConnectionPool(host='api.testnet.wormholescan.io', port=443): Max retries exceeded with url: /api/v1/vaas/?page=0&pageSize=5&sortOrder=ASC&txHash=2d94ac0dd35739bce7b03f2bb6afacf6accb7b18641d9c1c8f501b9a3d363371&parsedPayload=true (Caused by SSLError(SSLEOFError(8, '[SSL: UNEXPECTED_EOF_WHILE_READING] EOF occurred in violation of protocol (_ssl.c:1000)')))
2025-12-12 17:27:58,223 ERROR 轮询VAA时发生异常（网络/解析等问题）: HTTPSConnectionPool(host='api.testnet.wormholescan.io', port=443): Max retries exceeded with url: /api/v1/vaas/?page=0&pageSize=5&sortOrder=ASC&txHash=2d94ac0dd35739bce7b03f2bb6afacf6accb7b18641d9c1c8f501b9a3d363371&parsedPayload=true (Caused by SSLError(SSLEOFError(8, '[SSL: UNEXPECTED_EOF_WHILE_READING] EOF occurred in violation of protocol (_ssl.c:1000)')))
2025-12-12 17:27:59,206 INFO vaa还未签名，继续轮询获取中...
2025-12-12 17:28:00,233 INFO vaa还未签名，继续轮询获取中...
2025-12-12 17:28:00,410 ERROR 轮询VAA时发生异常（网络/解析等问题）: HTTPSConnectionPool(host='api.testnet.wormholescan.io', port=443): Max retries exceeded with url: /api/v1/vaas/?page=0&pageSize=5&sortOrder=ASC&txHash=2d94ac0dd35739bce7b03f2bb6afacf6accb7b18641d9c1c8f501b9a3d363371&parsedPayload=true (Caused by SSLError(SSLEOFError(8, '[SSL: UNEXPECTED_EOF_WHILE_READING] EOF occurred in violation of protocol (_ssl.c:1000)')))
2025-12-12 17:28:00,497 ERROR 轮询VAA时发生异常（网络/解析等问题）: HTTPSConnectionPool(host='api.testnet.wormholescan.io', port=443): Max retries exceeded with url: /api/v1/vaas/?page=0&pageSize=5&sortOrder=ASC&txHash=2d94ac0dd35739bce7b03f2bb6afacf6accb7b18641d9c1c8f501b9a3d363371&parsedPayload=true (Caused by SSLError(SSLEOFError(8, '[SSL: UNEXPECTED_EOF_WHILE_READING] EOF occurred in violation of protocol (_ssl.c:1000)')))
2025-12-12 17:28:00,591 ERROR 轮询VAA时发生异常（网络/解析等问题）: HTTPSConnectionPool(host='api.testnet.wormholescan.io', port=443): Max retries exceeded with url: /api/v1/vaas/?page=0&pageSize=5&sortOrder=ASC&txHash=2d94ac0dd35739bce7b03f2bb6afacf6accb7b18641d9c1c8f501b9a3d363371&parsedPayload=true (Caused by SSLError(SSLEOFError(8, '[SSL: UNEXPECTED_EOF_WHILE_READING] EOF occurred in violation of protocol (_ssl.c:1000)')))
2025-12-12 17:28:00,684 ERROR 轮询VAA时发生异常（网络/解析等问题）: HTTPSConnectionPool(host='api.testnet.wormholescan.io', port=443): Max retries exceeded with url: /api/v1/vaas/?page=0&pageSize=5&sortOrder=ASC&txHash=2d94ac0dd35739bce7b03f2bb6afacf6accb7b18641d9c1c8f501b9a3d363371&parsedPayload=true (Caused by SSLError(SSLEOFError(8, '[SSL: UNEXPECTED_EOF_WHILE_READING] EOF occurred in violation of protocol (_ssl.c:1000)')))
2025-12-12 17:28:00,771 ERROR 轮询VAA时发生异常（网络/解析等问题）: HTTPSConnectionPool(host='api.testnet.wormholescan.io', port=443): Max retries exceeded with url: /api/v1/vaas/?page=0&pageSize=5&sortOrder=ASC&txHash=2d94ac0dd35739bce7b03f2bb6afacf6accb7b18641d9c1c8f501b9a3d363371&parsedPayload=true (Caused by SSLError(SSLEOFError(8, '[SSL: UNEXPECTED_EOF_WHILE_READING] EOF occurred in violation of protocol (_ssl.c:1000)')))
2025-12-12 17:28:01,706 INFO vaa还未签名，继续轮询获取中...
2025-12-12 17:28:01,912 ERROR 轮询VAA时发生异常（网络/解析等问题）: HTTPSConnectionPool(host='api.testnet.wormholescan.io', port=443): Max retries exceeded with url: /api/v1/vaas/?page=0&pageSize=5&sortOrder=ASC&txHash=2d94ac0dd35739bce7b03f2bb6afacf6accb7b18641d9c1c8f501b9a3d363371&parsedPayload=true (Caused by SSLError(SSLEOFError(8, '[SSL: UNEXPECTED_EOF_WHILE_READING] EOF occurred in violation of protocol (_ssl.c:1000)')))
2025-12-12 17:28:02,024 ERROR 轮询VAA时发生异常（网络/解析等问题）: HTTPSConnectionPool(host='api.testnet.wormholescan.io', port=443): Max retries exceeded with url: /api/v1/vaas/?page=0&pageSize=5&sortOrder=ASC&txHash=2d94ac0dd35739bce7b03f2bb6afacf6accb7b18641d9c1c8f501b9a3d363371&parsedPayload=true (Caused by SSLError(SSLEOFError(8, '[SSL: UNEXPECTED_EOF_WHILE_READING] EOF occurred in violation of protocol (_ssl.c:1000)')))
2025-12-12 17:28:02,120 ERROR 轮询VAA时发生异常（网络/解析等问题）: HTTPSConnectionPool(host='api.testnet.wormholescan.io', port=443): Max retries exceeded with url: /api/v1/vaas/?page=0&pageSize=5&sortOrder=ASC&txHash=2d94ac0dd35739bce7b03f2bb6afacf6accb7b18641d9c1c8f501b9a3d363371&parsedPayload=true (Caused by SSLError(SSLEOFError(8, '[SSL: UNEXPECTED_EOF_WHILE_READING] EOF occurred in violation of protocol (_ssl.c:1000)')))
2025-12-12 17:28:02,206 ERROR 轮询VAA时发生异常（网络/解析等问题）: HTTPSConnectionPool(host='api.testnet.wormholescan.io', port=443): Max retries exceeded with url: /api/v1/vaas/?page=0&pageSize=5&sortOrder=ASC&txHash=2d94ac0dd35739bce7b03f2bb6afacf6accb7b18641d9c1c8f501b9a3d363371&parsedPayload=true (Caused by SSLError(SSLEOFError(8, '[SSL: UNEXPECTED_EOF_WHILE_READING] EOF occurred in violation of protocol (_ssl.c:1000)')))
2025-12-12 17:28:02,287 ERROR 轮询VAA时发生异常（网络/解析等问题）: HTTPSConnectionPool(host='api.testnet.wormholescan.io', port=443): Max retries exceeded with url: /api/v1/vaas/?page=0&pageSize=5&sortOrder=ASC&txHash=2d94ac0dd35739bce7b03f2bb6afacf6accb7b18641d9c1c8f501b9a3d363371&parsedPayload=true (Caused by SSLError(SSLEOFError(8, '[SSL: UNEXPECTED_EOF_WHILE_READING] EOF occurred in violation of protocol (_ssl.c:1000)')))
2025-12-12 17:28:02,383 ERROR 轮询VAA时发生异常（网络/解析等问题）: HTTPSConnectionPool(host='api.testnet.wormholescan.io', port=443): Max retries exceeded with url: /api/v1/vaas/?page=0&pageSize=5&sortOrder=ASC&txHash=2d94ac0dd35739bce7b03f2bb6afacf6accb7b18641d9c1c8f501b9a3d363371&parsedPayload=true (Caused by SSLError(SSLEOFError(8, '[SSL: UNEXPECTED_EOF_WHILE_READING] EOF occurred in violation of protocol (_ssl.c:1000)')))
2025-12-12 17:28:03,303 INFO vaa还未签名，继续轮询获取中...
2025-12-12 17:28:04,420 INFO vaa还未签名，继续轮询获取中...
2025-12-12 17:28:05,449 INFO vaa还未签名，继续轮询获取中...
2025-12-12 17:28:06,527 INFO vaa还未签名，继续轮询获取中...
2025-12-12 17:28:06,738 ERROR 轮询VAA时发生异常（网络/解析等问题）: HTTPSConnectionPool(host='api.testnet.wormholescan.io', port=443): Max retries exceeded with url: /api/v1/vaas/?page=0&pageSize=5&sortOrder=ASC&txHash=2d94ac0dd35739bce7b03f2bb6afacf6accb7b18641d9c1c8f501b9a3d363371&parsedPayload=true (Caused by SSLError(SSLEOFError(8, '[SSL: UNEXPECTED_EOF_WHILE_READING] EOF occurred in violation of protocol (_ssl.c:1000)')))
2025-12-12 17:28:07,646 INFO vaa还未签名，继续轮询获取中...
2025-12-12 17:28:08,746 INFO vaa还未签名，继续轮询获取中...
2025-12-12 17:28:08,924 ERROR 轮询VAA时发生异常（网络/解析等问题）: HTTPSConnectionPool(host='api.testnet.wormholescan.io', port=443): Max retries exceeded with url: /api/v1/vaas/?page=0&pageSize=5&sortOrder=ASC&txHash=2d94ac0dd35739bce7b03f2bb6afacf6accb7b18641d9c1c8f501b9a3d363371&parsedPayload=true (Caused by SSLError(SSLEOFError(8, '[SSL: UNEXPECTED_EOF_WHILE_READING] EOF occurred in violation of protocol (_ssl.c:1000)')))
2025-12-12 17:28:09,012 ERROR 轮询VAA时发生异常（网络/解析等问题）: HTTPSConnectionPool(host='api.testnet.wormholescan.io', port=443): Max retries exceeded with url: /api/v1/vaas/?page=0&pageSize=5&sortOrder=ASC&txHash=2d94ac0dd35739bce7b03f2bb6afacf6accb7b18641d9c1c8f501b9a3d363371&parsedPayload=true (Caused by SSLError(SSLEOFError(8, '[SSL: UNEXPECTED_EOF_WHILE_READING] EOF occurred in violation of protocol (_ssl.c:1000)')))
2025-12-12 17:28:09,921 INFO vaa还未签名，继续轮询获取中...
2025-12-12 17:28:10,941 INFO vaa还未签名，继续轮询获取中...
2025-12-12 17:28:11,984 INFO vaa还未签名，继续轮询获取中...
2025-12-12 17:28:13,058 INFO vaa还未签名，继续轮询获取中...
2025-12-12 17:28:14,129 INFO vaa还未签名，继续轮询获取中...
2025-12-12 17:28:15,183 INFO vaa还未签名，继续轮询获取中...
2025-12-12 17:28:16,163 INFO vaa还未签名，继续轮询获取中...
2025-12-12 17:28:17,216 INFO vaa还未签名，继续轮询获取中...
2025-12-12 17:28:18,287 INFO vaa还未签名，继续轮询获取中...
2025-12-12 17:28:19,293 INFO vaa还未签名，继续轮询获取中...
2025-12-12 17:28:20,310 INFO vaa还未签名，继续轮询获取中...
2025-12-12 17:28:21,393 INFO vaa还未签名，继续轮询获取中...
2025-12-12 17:28:22,501 INFO vaa还未签名，继续轮询获取中...
2025-12-12 17:28:23,582 INFO vaa还未签名，继续轮询获取中...
2025-12-12 17:28:24,577 INFO vaa还未签名，继续轮询获取中...
2025-12-12 17:28:25,589 INFO vaa还未签名，继续轮询获取中...
2025-12-12 17:28:26,612 INFO vaa还未签名，继续轮询获取中...
2025-12-12 17:28:27,658 INFO vaa还未签名，继续轮询获取中...
2025-12-12 17:28:28,659 INFO vaa还未签名，继续轮询获取中...
2025-12-12 17:28:29,693 INFO vaa还未签名，继续轮询获取中...
2025-12-12 17:28:30,676 INFO vaa还未签名，继续轮询获取中...
2025-12-12 17:28:31,724 INFO vaa还未签名，继续轮询获取中...
2025-12-12 17:28:32,720 INFO vaa还未签名，继续轮询获取中...
2025-12-12 17:28:33,750 INFO vaa还未签名，继续轮询获取中...
2025-12-12 17:28:34,779 INFO vaa还未签名，继续轮询获取中...
2025-12-12 17:28:35,789 INFO vaa还未签名，继续轮询获取中...
2025-12-12 17:28:36,836 INFO vaa还未签名，继续轮询获取中...
2025-12-12 17:28:37,841 INFO vaa还未签名，继续轮询获取中...
2025-12-12 17:28:38,854 INFO vaa还未签名，继续轮询获取中...
2025-12-12 17:28:39,866 INFO vaa还未签名，继续轮询获取中...
2025-12-12 17:28:40,892 INFO vaa还未签名，继续轮询获取中...
2025-12-12 17:28:41,912 INFO vaa还未签名，继续轮询获取中...
2025-12-12 17:28:42,912 INFO vaa还未签名，继续轮询获取中...
2025-12-12 17:35:02,965 INFO 配置和日志系统加载完成。
2025-12-12 17:35:03,487 INFO 使用账户: 0x9CAEE92287CAD179541bc7C44874b485b9AaC88b
2025-12-12 17:35:04,188 INFO 当前余额: 8.538893740095438159 RLUSD
2025-12-12 17:35:04,188 INFO 跨链代币数量: 0.1 RLUSD
2025-12-12 17:35:07,235 INFO 使用EIP-1559参数构建交易: maxFeePerGas=1992902872, maxPriorityFeePerGas=1000000
2025-12-12 17:35:07,478 INFO 跨链交易已发送: 16e28c1a134bcca0efbb2b0af24d02561e93cbe8bbc099acd9fa99a0d811c478
2025-12-12 17:35:25,252 INFO 跨链交易已上链
2025-12-12 17:35:25,252 INFO 开始轮询 WormholeScan 获取 VAA...
2025-12-12 17:35:25,366 ERROR 轮询VAA时发生异常（网络/解析等问题）: HTTPSConnectionPool(host='api.testnet.wormholescan.io', port=443): Max retries exceeded with url: /api/v1/vaas/?page=0&pageSize=5&sortOrder=ASC&txHash=16e28c1a134bcca0efbb2b0af24d02561e93cbe8bbc099acd9fa99a0d811c478&parsedPayload=true (Caused by SSLError(SSLEOFError(8, '[SSL: UNEXPECTED_EOF_WHILE_READING] EOF occurred in violation of protocol (_ssl.c:1000)')))
2025-12-12 17:35:25,484 ERROR 轮询VAA时发生异常（网络/解析等问题）: HTTPSConnectionPool(host='api.testnet.wormholescan.io', port=443): Max retries exceeded with url: /api/v1/vaas/?page=0&pageSize=5&sortOrder=ASC&txHash=16e28c1a134bcca0efbb2b0af24d02561e93cbe8bbc099acd9fa99a0d811c478&parsedPayload=true (Caused by SSLError(SSLEOFError(8, '[SSL: UNEXPECTED_EOF_WHILE_READING] EOF occurred in violation of protocol (_ssl.c:1000)')))
2025-12-12 17:35:26,441 INFO vaa还未签名，继续轮询获取中...
2025-12-12 17:35:27,520 INFO vaa还未签名，继续轮询获取中...
2025-12-12 17:35:28,613 INFO vaa还未签名，继续轮询获取中...
2025-12-12 17:35:29,636 INFO vaa还未签名，继续轮询获取中...
2025-12-12 17:35:30,836 INFO vaa还未签名，继续轮询获取中...
2025-12-12 17:35:31,940 INFO vaa还未签名，继续轮询获取中...
2025-12-12 17:35:32,984 INFO vaa还未签名，继续轮询获取中...
2025-12-12 17:35:34,026 INFO vaa还未签名，继续轮询获取中...
2025-12-12 17:35:35,086 INFO vaa还未签名，继续轮询获取中...
2025-12-12 17:35:36,154 INFO vaa还未签名，继续轮询获取中...
2025-12-12 17:35:37,227 INFO vaa还未签名，继续轮询获取中...
2025-12-12 17:35:38,242 INFO vaa还未签名，继续轮询获取中...
2025-12-12 17:35:39,262 INFO vaa还未签名，继续轮询获取中...
2025-12-12 17:35:40,362 INFO vaa还未签名，继续轮询获取中...
2025-12-12 17:35:41,414 INFO vaa还未签名，继续轮询获取中...
2025-12-12 17:35:42,443 INFO vaa还未签名，继续轮询获取中...
2025-12-12 17:35:43,504 INFO vaa还未签名，继续轮询获取中...
2025-12-12 17:35:44,538 INFO vaa还未签名，继续轮询获取中...
2025-12-12 17:35:45,608 INFO vaa还未签名，继续轮询获取中...
2025-12-12 17:35:46,682 INFO vaa还未签名，继续轮询获取中...
2025-12-12 17:35:47,701 INFO vaa还未签名，继续轮询获取中...
2025-12-12 17:35:48,715 INFO vaa还未签名，继续轮询获取中...
2025-12-12 17:35:49,717 INFO vaa还未签名，继续轮询获取中...
2025-12-12 17:35:50,819 INFO vaa还未签名，继续轮询获取中...
2025-12-12 17:35:51,894 INFO vaa还未签名，继续轮询获取中...
2025-12-12 17:35:52,116 ERROR 轮询VAA时发生异常（网络/解析等问题）: HTTPSConnectionPool(host='api.testnet.wormholescan.io', port=443): Max retries exceeded with url: /api/v1/vaas/?page=0&pageSize=5&sortOrder=ASC&txHash=16e28c1a134bcca0efbb2b0af24d02561e93cbe8bbc099acd9fa99a0d811c478&parsedPayload=true (Caused by SSLError(SSLEOFError(8, '[SSL: UNEXPECTED_EOF_WHILE_READING] EOF occurred in violation of protocol (_ssl.c:1000)')))
2025-12-12 17:35:53,098 INFO vaa还未签名，继续轮询获取中...
2025-12-12 17:35:53,315 ERROR 轮询VAA时发生异常（网络/解析等问题）: HTTPSConnectionPool(host='api.testnet.wormholescan.io', port=443): Max retries exceeded with url: /api/v1/vaas/?page=0&pageSize=5&sortOrder=ASC&txHash=16e28c1a134bcca0efbb2b0af24d02561e93cbe8bbc099acd9fa99a0d811c478&parsedPayload=true (Caused by SSLError(SSLEOFError(8, '[SSL: UNEXPECTED_EOF_WHILE_READING] EOF occurred in violation of protocol (_ssl.c:1000)')))
2025-12-12 17:35:53,419 ERROR 轮询VAA时发生异常（网络/解析等问题）: HTTPSConnectionPool(host='api.testnet.wormholescan.io', port=443): Max retries exceeded with url: /api/v1/vaas/?page=0&pageSize=5&sortOrder=ASC&txHash=16e28c1a134bcca0efbb2b0af24d02561e93cbe8bbc099acd9fa99a0d811c478&parsedPayload=true (Caused by SSLError(SSLEOFError(8, '[SSL: UNEXPECTED_EOF_WHILE_READING] EOF occurred in violation of protocol (_ssl.c:1000)')))
2025-12-12 17:35:53,537 ERROR 轮询VAA时发生异常（网络/解析等问题）: HTTPSConnectionPool(host='api.testnet.wormholescan.io', port=443): Max retries exceeded with url: /api/v1/vaas/?page=0&pageSize=5&sortOrder=ASC&txHash=16e28c1a134bcca0efbb2b0af24d02561e93cbe8bbc099acd9fa99a0d811c478&parsedPayload=true (Caused by SSLError(SSLEOFError(8, '[SSL: UNEXPECTED_EOF_WHILE_READING] EOF occurred in violation of protocol (_ssl.c:1000)')))
2025-12-12 17:35:53,656 ERROR 轮询VAA时发生异常（网络/解析等问题）: HTTPSConnectionPool(host='api.testnet.wormholescan.io', port=443): Max retries exceeded with url: /api/v1/vaas/?page=0&pageSize=5&sortOrder=ASC&txHash=16e28c1a134bcca0efbb2b0af24d02561e93cbe8bbc099acd9fa99a0d811c478&parsedPayload=true (Caused by SSLError(SSLEOFError(8, '[SSL: UNEXPECTED_EOF_WHILE_READING] EOF occurred in violation of protocol (_ssl.c:1000)')))
2025-12-12 17:35:53,769 ERROR 轮询VAA时发生异常（网络/解析等问题）: HTTPSConnectionPool(host='api.testnet.wormholescan.io', port=443): Max retries exceeded with url: /api/v1/vaas/?page=0&pageSize=5&sortOrder=ASC&txHash=16e28c1a134bcca0efbb2b0af24d02561e93cbe8bbc099acd9fa99a0d811c478&parsedPayload=true (Caused by SSLError(SSLEOFError(8, '[SSL: UNEXPECTED_EOF_WHILE_READING] EOF occurred in violation of protocol (_ssl.c:1000)')))
2025-12-12 17:35:53,861 ERROR 轮询VAA时发生异常（网络/解析等问题）: HTTPSConnectionPool(host='api.testnet.wormholescan.io', port=443): Max retries exceeded with url: /api/v1/vaas/?page=0&pageSize=5&sortOrder=ASC&txHash=16e28c1a134bcca0efbb2b0af24d02561e93cbe8bbc099acd9fa99a0d811c478&parsedPayload=true (Caused by SSLError(SSLEOFError(8, '[SSL: UNEXPECTED_EOF_WHILE_READING] EOF occurred in violation of protocol (_ssl.c:1000)')))
2025-12-12 17:35:54,821 INFO vaa还未签名，继续轮询获取中...
2025-12-12 17:35:55,871 INFO vaa还未签名，继续轮询获取中...
2025-12-12 17:35:56,965 INFO vaa还未签名，继续轮询获取中...
2025-12-12 17:35:57,198 ERROR 轮询VAA时发生异常（网络/解析等问题）: HTTPSConnectionPool(host='api.testnet.wormholescan.io', port=443): Max retries exceeded with url: /api/v1/vaas/?page=0&pageSize=5&sortOrder=ASC&txHash=16e28c1a134bcca0efbb2b0af24d02561e93cbe8bbc099acd9fa99a0d811c478&parsedPayload=true (Caused by SSLError(SSLEOFError(8, '[SSL: UNEXPECTED_EOF_WHILE_READING] EOF occurred in violation of protocol (_ssl.c:1000)')))
